<?xml version="1.0" encoding="UTF-8"?>
<!-- Generated by org.testng.reporters.JUnitReportReporter -->
<testsuite skipped="0" hostname="Mario" name="needToBeAutomated.CheckAllCountriesSites" tests="1" failures="0" timestamp="22 Jul 2018 12:21:34 GMT" time="30.300" errors="0">
  <testcase name="testCities" time="30.300" classname="needToBeAutomated.CheckAllCountriesSites"/>
</testsuite> <!-- needToBeAutomated.CheckAllCountriesSites -->
