<?xml version="1.0" encoding="UTF-8"?>
<!-- Generated by org.testng.reporters.JUnitReportReporter -->
<testsuite skipped="0" hostname="Mario" name="needToBeAutomated.CheckBrokenLinks" tests="1" failures="0" timestamp="22 Jul 2018 11:44:23 GMT" time="41.083" errors="0">
  <testcase name="showMeBrokenLinks" time="41.083" classname="needToBeAutomated.CheckBrokenLinks"/>
</testsuite> <!-- needToBeAutomated.CheckBrokenLinks -->
