<?xml version="1.0" encoding="UTF-8"?>
<!-- Generated by org.testng.reporters.JUnitReportReporter -->
<testsuite skipped="0" hostname="Mario" name="runner.TestRunner" tests="1" failures="0" timestamp="21 Jul 2018 16:38:32 GMT" time="3.531" errors="0">
  <testcase name="feature" time="3.531" classname="runner.TestRunner"/>
</testsuite> <!-- runner.TestRunner -->
