<?xml version="1.0" encoding="UTF-8"?>
<!-- Generated by org.testng.reporters.JUnitReportReporter -->
<testsuite skipped="0" hostname="Mario" name="runner.TestRunner" tests="1" failures="0" timestamp="22 Jul 2018 12:40:16 GMT" time="7.638" errors="0">
  <testcase name="feature" time="7.638" classname="runner.TestRunner"/>
</testsuite> <!-- runner.TestRunner -->
